<?xml version="1.0" encoding="UTF-8"?>
<testsuite xmlns:xsi="http://www.w3.org/2001/XMLSchema-instance" xsi:noNamespaceSchemaLocation="https://maven.apache.org/surefire/maven-surefire-plugin/xsd/surefire-test-report-3.0.xsd" version="3.0" name="com.javaperf.gcdemo.GcdemoApplicationTests" time="1.416" tests="1" errors="0" skipped="0" failures="0">
  <properties>
[...]
</properties>
  <testcase name="contextLoads" classname="com.javaperf.gcdemo.GcdemoApplicationTests" time="0.423">
    <system-out><![CDATA[22:59:31.557 [main] INFO org.springframework.test.context.support.AnnotationConfigContextLoaderUtils -- Could not detect default configuration classes for test class [com.javaperf.gcdemo.GcdemoApplicationTests]: GcdemoApplicationTests does not declare any static, non-private, non-final, nested classes annotated with @Configuration.
22:59:31.608 [main] INFO org.springframework.boot.test.context.SpringBootTestContextBootstrapper -- Found @SpringBootConfiguration com.javaperf.gcdemo.GcTestApplication for test class com.javaperf.gcdemo.GcdemoApplicationTests

  .   ____          _            __ _ _
 /\\ / ___'_ __ _ _(_)_ __  __ _ \ \ \ \
( ( )\___ | '_ | '_| | '_ \/ _` | \ \ \ \
 \\/  ___)| |_)| | | | | || (_| |  ) ) ) )
  '  |____| .__|_| |_|_| |_\__, | / / / /
 =========|_|==============|___/=/_/_/_/

 :: Spring Boot ::       (v3.3.8-SNAPSHOT)

2024-12-20T22:59:31.759+05:30  INFO 1592 --- [gcdemo] [           main] c.j.gcdemo.GcdemoApplicationTests        : Starting GcdemoApplicationTests using Java 23.0.1 with PID 1592 (started by vishalendupandey in /Users/vishalendupandey/projects/java-cursor/gcdemo)
2024-12-20T22:59:31.760+05:30  INFO 1592 --- [gcdemo] [           main] c.j.gcdemo.GcdemoApplicationTests        : No active profile set, falling back to 1 default profile: "default"
2024-12-20T22:59:32.387+05:30  INFO 1592 --- [gcdemo] [           main] o.s.b.a.e.web.EndpointLinksResolver      : Exposing 2 endpoints beneath base path '/actuator'
2024-12-20T22:59:32.416+05:30  INFO 1592 --- [gcdemo] [           main] c.j.gcdemo.GcdemoApplicationTests        : Started GcdemoApplicationTests in 0.75 seconds (process running for 1.181)
2024-12-20T22:59:32.419+05:30  INFO 1592 --- [gcdemo] [   scheduling-1] c.javaperf.gcdemo.service.MemoryService  : Current memory list size: 1
2024-12-20T22:59:32.520+05:30  INFO 1592 --- [gcdemo] [   scheduling-1] c.javaperf.gcdemo.service.MemoryService  : Current memory list size: 2
2024-12-20T22:59:32.620+05:30  INFO 1592 --- [gcdemo] [   scheduling-1] c.javaperf.gcdemo.service.MemoryService  : Current memory list size: 3
2024-12-20T22:59:32.720+05:30  INFO 1592 --- [gcdemo] [   scheduling-1] c.javaperf.gcdemo.service.MemoryService  : Current memory list size: 4
2024-12-20T22:59:32.821+05:30  INFO 1592 --- [gcdemo] [   scheduling-1] c.javaperf.gcdemo.service.MemoryService  : Current memory list size: 5
]]></system-out>
    <system-err><![CDATA[WARNING: A Java agent has been loaded dynamically (/Users/vishalendupandey/.m2/repository/net/bytebuddy/byte-buddy-agent/1.14.19/byte-buddy-agent-1.14.19.jar)
WARNING: If a serviceability tool is in use, please run with -XX:+EnableDynamicAgentLoading to hide this warning
WARNING: If a serviceability tool is not in use, please run with -Djdk.instrument.traceUsage for more information
WARNING: Dynamic loading of agents will be disallowed by default in a future release
]]></system-err>
  </testcase>
</testsuite>